<?xml version="1.0" encoding="UTF-8"?>
<TestRun id="4934e8ac-a04b-4e97-bd61-87c64e15a79f" name="ted.spence@AV-E6420-0885 2012-07-26 21:28:04" runUser="SANJUAN\ted.spence" xmlns="http://microsoft.com/schemas/VisualStudio/TeamTest/2010">
  <TestSettings name="Local" id="26f8abad-c228-4580-b422-42932cdd298a">
    <Description>These are default test settings for a local test run.</Description>
    <Deployment enabled="false" runDeploymentRoot="ted.spence_AV-E6420-0885 2012-07-26 21_28_04">
      <DeploymentItem filename="C:\svn\CSVFile\CSVFile\CSVFile\bin\Debug\CSVFile.dll" />
    </Deployment>
    <Execution>
      <TestTypeSpecific />
      <AgentRule name="Execution Agents">
      </AgentRule>
    </Execution>
  </TestSettings>
  <Times creation="2012-07-26T21:28:04.9147797-07:00" queuing="2012-07-26T21:28:04.9421685-07:00" start="2012-07-26T21:28:04.9462261-07:00" finish="2012-07-26T21:28:05.1389621-07:00" />
  <ResultSummary outcome="Failed">
    <Counters total="8" executed="8" passed="7" error="0" failed="1" timeout="0" aborted="0" inconclusive="0" passedButRunAborted="0" notRunnable="0" notExecuted="0" disconnected="0" warning="0" completed="0" inProgress="0" pending="0" />
  </ResultSummary>
  <TestDefinitions>
    <UnitTest name="TestMethod1" storage="c:\svn\csvfile\csvfile\csvtestsuite\bin\debug\csvtestsuite.dll" id="0b28e22e-194e-250b-cf96-7d71df2fa0fd">
      <Execution id="49cf8413-4d81-4677-a63e-fc7f1273439e" />
      <TestMethod codeBase="C:/svn/CSVFile/CSVFile/CSVTestSuite/bin/Debug/CSVTestSuite.DLL" adapterTypeName="Microsoft.VisualStudio.TestTools.TestTypes.Unit.UnitTestAdapter, Microsoft.VisualStudio.QualityTools.Tips.UnitTest.Adapter, Version=10.0.0.0, Culture=neutral, PublicKeyToken=b03f5f7f11d50a3a" className="CSVTestSuite.DataTableReaderTest, CSVTestSuite, Version=1.0.0.0, Culture=neutral, PublicKeyToken=null" name="TestMethod1" />
    </UnitTest>
    <UnitTest name="ParseTSV" storage="c:\svn\csvfile\csvfile\csvtestsuite\bin\debug\csvtestsuite.dll" id="9b9e845b-4cd0-5430-9d15-3af5b7ca59cf">
      <Execution id="f4c4558c-fc58-47bd-a647-5b4af5c636f0" />
      <TestMethod codeBase="C:/svn/CSVFile/CSVFile/CSVTestSuite/bin/Debug/CSVTestSuite.DLL" adapterTypeName="Microsoft.VisualStudio.TestTools.TestTypes.Unit.UnitTestAdapter, Microsoft.VisualStudio.QualityTools.Tips.UnitTest.Adapter, Version=10.0.0.0, Culture=neutral, PublicKeyToken=b03f5f7f11d50a3a" className="CSVTestSuite.BasicParseTests, CSVTestSuite, Version=1.0.0.0, Culture=neutral, PublicKeyToken=null" name="ParseTSV" />
    </UnitTest>
    <UnitTest name="TestMethod1" storage="c:\svn\csvfile\csvfile\csvtestsuite\bin\debug\csvtestsuite.dll" id="a7e98abc-207b-99ba-5e53-b3304ba4e478">
      <Execution id="33308328-f8d8-4fa2-b9c7-601e59927d2e" />
      <TestMethod codeBase="C:/svn/CSVFile/CSVFile/CSVTestSuite/bin/Debug/CSVTestSuite.DLL" adapterTypeName="Microsoft.VisualStudio.TestTools.TestTypes.Unit.UnitTestAdapter, Microsoft.VisualStudio.QualityTools.Tips.UnitTest.Adapter, Version=10.0.0.0, Culture=neutral, PublicKeyToken=b03f5f7f11d50a3a" className="CSVTestSuite.StreamReaderTest, CSVTestSuite, Version=1.0.0.0, Culture=neutral, PublicKeyToken=null" name="TestMethod1" />
    </UnitTest>
    <UnitTest name="TestWritingLines" storage="c:\svn\csvfile\csvfile\csvtestsuite\bin\debug\csvtestsuite.dll" id="5acecdfe-08b9-da60-f7eb-fc08c674f479">
      <Execution id="96c9564c-79cc-4f56-8dfa-81935ccf59c8" />
      <TestMethod codeBase="C:/svn/CSVFile/CSVFile/CSVTestSuite/bin/Debug/CSVTestSuite.DLL" adapterTypeName="Microsoft.VisualStudio.TestTools.TestTypes.Unit.UnitTestAdapter, Microsoft.VisualStudio.QualityTools.Tips.UnitTest.Adapter, Version=10.0.0.0, Culture=neutral, PublicKeyToken=b03f5f7f11d50a3a" className="CSVTestSuite.WriterTest, CSVTestSuite, Version=1.0.0.0, Culture=neutral, PublicKeyToken=null" name="TestWritingLines" />
    </UnitTest>
    <UnitTest name="ParseTextQualifiedCSV" storage="c:\svn\csvfile\csvfile\csvtestsuite\bin\debug\csvtestsuite.dll" id="d908f60d-72bd-6d21-8d8f-1487796b5c1e">
      <Execution id="4fb91a33-c377-4a8b-8e57-3c021840603e" />
      <TestMethod codeBase="C:/svn/CSVFile/CSVFile/CSVTestSuite/bin/Debug/CSVTestSuite.DLL" adapterTypeName="Microsoft.VisualStudio.TestTools.TestTypes.Unit.UnitTestAdapter, Microsoft.VisualStudio.QualityTools.Tips.UnitTest.Adapter, Version=10.0.0.0, Culture=neutral, PublicKeyToken=b03f5f7f11d50a3a" className="CSVTestSuite.BasicParseTests, CSVTestSuite, Version=1.0.0.0, Culture=neutral, PublicKeyToken=null" name="ParseTextQualifiedCSV" />
    </UnitTest>
    <UnitTest name="TestFailingCSVLine" storage="c:\svn\csvfile\csvfile\csvtestsuite\bin\debug\csvtestsuite.dll" id="895d8cd3-f1a1-20b6-2512-9eb78f385bca">
      <Execution id="e787107d-b711-49bd-8287-d515df364ca0" />
      <TestMethod codeBase="C:/svn/CSVFile/CSVFile/CSVTestSuite/bin/Debug/CSVTestSuite.DLL" adapterTypeName="Microsoft.VisualStudio.TestTools.TestTypes.Unit.UnitTestAdapter, Microsoft.VisualStudio.QualityTools.Tips.UnitTest.Adapter, Version=10.0.0.0, Culture=neutral, PublicKeyToken=b03f5f7f11d50a3a" className="CSVTestSuite.BasicParseTests, CSVTestSuite, Version=1.0.0.0, Culture=neutral, PublicKeyToken=null" name="TestFailingCSVLine" />
    </UnitTest>
    <UnitTest name="ParseTextQualifiedCSVWithSpacing" storage="c:\svn\csvfile\csvfile\csvtestsuite\bin\debug\csvtestsuite.dll" id="6e862f7d-1f5c-7d0a-5ea4-bb11f5c8c79f">
      <Execution id="c850314c-f18c-4d7b-bcf0-059d02b128e0" />
      <TestMethod codeBase="C:/svn/CSVFile/CSVFile/CSVTestSuite/bin/Debug/CSVTestSuite.DLL" adapterTypeName="Microsoft.VisualStudio.TestTools.TestTypes.Unit.UnitTestAdapter, Microsoft.VisualStudio.QualityTools.Tips.UnitTest.Adapter, Version=10.0.0.0, Culture=neutral, PublicKeyToken=b03f5f7f11d50a3a" className="CSVTestSuite.BasicParseTests, CSVTestSuite, Version=1.0.0.0, Culture=neutral, PublicKeyToken=null" name="ParseTextQualifiedCSVWithSpacing" />
    </UnitTest>
    <UnitTest name="ParseBasicCSV" storage="c:\svn\csvfile\csvfile\csvtestsuite\bin\debug\csvtestsuite.dll" id="8baacc99-8db4-caee-f32a-90006b83b06c">
      <Execution id="a91a1e27-1b6f-447b-af2f-747a5e2ef1ca" />
      <TestMethod codeBase="C:/svn/CSVFile/CSVFile/CSVTestSuite/bin/Debug/CSVTestSuite.DLL" adapterTypeName="Microsoft.VisualStudio.TestTools.TestTypes.Unit.UnitTestAdapter, Microsoft.VisualStudio.QualityTools.Tips.UnitTest.Adapter, Version=10.0.0.0, Culture=neutral, PublicKeyToken=b03f5f7f11d50a3a" className="CSVTestSuite.BasicParseTests, CSVTestSuite, Version=1.0.0.0, Culture=neutral, PublicKeyToken=null" name="ParseBasicCSV" />
    </UnitTest>
  </TestDefinitions>
  <TestLists>
    <TestList name="Results Not in a List" id="8c84fa94-04c1-424b-9868-57a2d4851a1d" />
    <TestList name="All Loaded Results" id="19431567-8539-422a-85d7-44ee4e166bda" />
  </TestLists>
  <TestEntries>
    <TestEntry testId="0b28e22e-194e-250b-cf96-7d71df2fa0fd" executionId="49cf8413-4d81-4677-a63e-fc7f1273439e" testListId="8c84fa94-04c1-424b-9868-57a2d4851a1d" />
    <TestEntry testId="5acecdfe-08b9-da60-f7eb-fc08c674f479" executionId="96c9564c-79cc-4f56-8dfa-81935ccf59c8" testListId="8c84fa94-04c1-424b-9868-57a2d4851a1d" />
    <TestEntry testId="6e862f7d-1f5c-7d0a-5ea4-bb11f5c8c79f" executionId="c850314c-f18c-4d7b-bcf0-059d02b128e0" testListId="8c84fa94-04c1-424b-9868-57a2d4851a1d" />
    <TestEntry testId="895d8cd3-f1a1-20b6-2512-9eb78f385bca" executionId="e787107d-b711-49bd-8287-d515df364ca0" testListId="8c84fa94-04c1-424b-9868-57a2d4851a1d" />
    <TestEntry testId="8baacc99-8db4-caee-f32a-90006b83b06c" executionId="a91a1e27-1b6f-447b-af2f-747a5e2ef1ca" testListId="8c84fa94-04c1-424b-9868-57a2d4851a1d" />
    <TestEntry testId="9b9e845b-4cd0-5430-9d15-3af5b7ca59cf" executionId="f4c4558c-fc58-47bd-a647-5b4af5c636f0" testListId="8c84fa94-04c1-424b-9868-57a2d4851a1d" />
    <TestEntry testId="a7e98abc-207b-99ba-5e53-b3304ba4e478" executionId="33308328-f8d8-4fa2-b9c7-601e59927d2e" testListId="8c84fa94-04c1-424b-9868-57a2d4851a1d" />
    <TestEntry testId="d908f60d-72bd-6d21-8d8f-1487796b5c1e" executionId="4fb91a33-c377-4a8b-8e57-3c021840603e" testListId="8c84fa94-04c1-424b-9868-57a2d4851a1d" />
  </TestEntries>
  <Results>
    <UnitTestResult executionId="49cf8413-4d81-4677-a63e-fc7f1273439e" testId="0b28e22e-194e-250b-cf96-7d71df2fa0fd" testName="TestMethod1" computerName="AV-E6420-0885" duration="00:00:00.0088698" startTime="2012-07-26T21:28:04.9482549-07:00" endTime="2012-07-26T21:28:05.0973717-07:00" testType="13cdc9d9-ddb5-4fa4-a97d-d965ccfc6d4b" outcome="Passed" testListId="8c84fa94-04c1-424b-9868-57a2d4851a1d" relativeResultsDirectory="49cf8413-4d81-4677-a63e-fc7f1273439e">
    </UnitTestResult>
    <UnitTestResult executionId="96c9564c-79cc-4f56-8dfa-81935ccf59c8" testId="5acecdfe-08b9-da60-f7eb-fc08c674f479" testName="TestWritingLines" computerName="AV-E6420-0885" duration="00:00:00.0001436" startTime="2012-07-26T21:28:05.0973717-07:00" endTime="2012-07-26T21:28:05.1004149-07:00" testType="13cdc9d9-ddb5-4fa4-a97d-d965ccfc6d4b" outcome="Passed" testListId="8c84fa94-04c1-424b-9868-57a2d4851a1d" relativeResultsDirectory="96c9564c-79cc-4f56-8dfa-81935ccf59c8">
    </UnitTestResult>
    <UnitTestResult executionId="c850314c-f18c-4d7b-bcf0-059d02b128e0" testId="6e862f7d-1f5c-7d0a-5ea4-bb11f5c8c79f" testName="ParseTextQualifiedCSVWithSpacing" computerName="AV-E6420-0885" duration="00:00:00.0002274" startTime="2012-07-26T21:28:05.1004149-07:00" endTime="2012-07-26T21:28:05.1034581-07:00" testType="13cdc9d9-ddb5-4fa4-a97d-d965ccfc6d4b" outcome="Passed" testListId="8c84fa94-04c1-424b-9868-57a2d4851a1d" relativeResultsDirectory="c850314c-f18c-4d7b-bcf0-059d02b128e0">
    </UnitTestResult>
    <UnitTestResult executionId="e787107d-b711-49bd-8287-d515df364ca0" testId="895d8cd3-f1a1-20b6-2512-9eb78f385bca" testName="TestFailingCSVLine" computerName="AV-E6420-0885" duration="00:00:00.0000816" startTime="2012-07-26T21:28:05.1044725-07:00" endTime="2012-07-26T21:28:05.1054869-07:00" testType="13cdc9d9-ddb5-4fa4-a97d-d965ccfc6d4b" outcome="Passed" testListId="8c84fa94-04c1-424b-9868-57a2d4851a1d" relativeResultsDirectory="e787107d-b711-49bd-8287-d515df364ca0">
    </UnitTestResult>
    <UnitTestResult executionId="a91a1e27-1b6f-447b-af2f-747a5e2ef1ca" testId="8baacc99-8db4-caee-f32a-90006b83b06c" testName="ParseBasicCSV" computerName="AV-E6420-0885" duration="00:00:00.0024066" startTime="2012-07-26T21:28:05.1065013-07:00" endTime="2012-07-26T21:28:05.1105589-07:00" testType="13cdc9d9-ddb5-4fa4-a97d-d965ccfc6d4b" outcome="Passed" testListId="8c84fa94-04c1-424b-9868-57a2d4851a1d" relativeResultsDirectory="a91a1e27-1b6f-447b-af2f-747a5e2ef1ca">
    </UnitTestResult>
    <UnitTestResult executionId="f4c4558c-fc58-47bd-a647-5b4af5c636f0" testId="9b9e845b-4cd0-5430-9d15-3af5b7ca59cf" testName="ParseTSV" computerName="AV-E6420-0885" duration="00:00:00.0002386" startTime="2012-07-26T21:28:05.1115733-07:00" endTime="2012-07-26T21:28:05.1136021-07:00" testType="13cdc9d9-ddb5-4fa4-a97d-d965ccfc6d4b" outcome="Passed" testListId="8c84fa94-04c1-424b-9868-57a2d4851a1d" relativeResultsDirectory="f4c4558c-fc58-47bd-a647-5b4af5c636f0">
    </UnitTestResult>
    <UnitTestResult executionId="33308328-f8d8-4fa2-b9c7-601e59927d2e" testId="a7e98abc-207b-99ba-5e53-b3304ba4e478" testName="TestMethod1" computerName="AV-E6420-0885" duration="00:00:00.0002078" startTime="2012-07-26T21:28:05.1146165-07:00" endTime="2012-07-26T21:28:05.1166453-07:00" testType="13cdc9d9-ddb5-4fa4-a97d-d965ccfc6d4b" outcome="Passed" testListId="8c84fa94-04c1-424b-9868-57a2d4851a1d" relativeResultsDirectory="33308328-f8d8-4fa2-b9c7-601e59927d2e">
    </UnitTestResult>
    <UnitTestResult executionId="4fb91a33-c377-4a8b-8e57-3c021840603e" testId="d908f60d-72bd-6d21-8d8f-1487796b5c1e" testName="ParseTextQualifiedCSV" computerName="AV-E6420-0885" duration="00:00:00.0102335" startTime="2012-07-26T21:28:05.1176597-07:00" endTime="2012-07-26T21:28:05.1298325-07:00" testType="13cdc9d9-ddb5-4fa4-a97d-d965ccfc6d4b" outcome="Failed" testListId="8c84fa94-04c1-424b-9868-57a2d4851a1d" relativeResultsDirectory="4fb91a33-c377-4a8b-8e57-3c021840603e">
      <Output>
        <ErrorInfo>
          <Message>Assert.AreEqual failed. Expected:&lt;six&gt;. Actual:&lt;five&gt;. </Message>
          <StackTrace>   at CSVTestSuite.BasicParseTests.ParseTextQualifiedCSV() in C:\svn\CSVFile\CSVFile\CSVTestSuite\BasicParseTests.cs:line 73
</StackTrace>
        </ErrorInfo>
      </Output>
    </UnitTestResult>
  </Results>
</TestRun>