<?xml version="1.0" encoding="UTF-8"?>
<TestRun id="52567bc1-fa50-4926-8a9a-45a0636c2bfc" name="ted.spence@AV-E6420-0885 2012-07-26 21:33:51" runUser="SANJUAN\ted.spence" xmlns="http://microsoft.com/schemas/VisualStudio/TeamTest/2010">
  <TestSettings name="Local" id="26f8abad-c228-4580-b422-42932cdd298a">
    <Description>These are default test settings for a local test run.</Description>
    <Deployment enabled="false" runDeploymentRoot="ted.spence_AV-E6420-0885 2012-07-26 21_33_51">
      <DeploymentItem filename="C:\svn\CSVFile\CSVFile\CSVFile\bin\Debug\CSVFile.dll" />
    </Deployment>
    <Execution>
      <TestTypeSpecific />
      <AgentRule name="Execution Agents">
      </AgentRule>
    </Execution>
  </TestSettings>
  <Times creation="2012-07-26T21:33:51.1914736-07:00" queuing="2012-07-26T21:33:51.2186572-07:00" start="2012-07-26T21:33:51.2236912-07:00" finish="2012-07-26T21:33:51.4220308-07:00" />
  <ResultSummary outcome="Completed">
    <Counters total="8" executed="8" passed="8" error="0" failed="0" timeout="0" aborted="0" inconclusive="0" passedButRunAborted="0" notRunnable="0" notExecuted="0" disconnected="0" warning="0" completed="0" inProgress="0" pending="0" />
  </ResultSummary>
  <TestDefinitions>
    <UnitTest name="TestMethod1" storage="c:\svn\csvfile\csvfile\csvtestsuite\bin\debug\csvtestsuite.dll" id="0b28e22e-194e-250b-cf96-7d71df2fa0fd">
      <Execution id="a6fc11b7-56fb-462a-9daa-fdf9d125fada" />
      <TestMethod codeBase="C:/svn/CSVFile/CSVFile/CSVTestSuite/bin/Debug/CSVTestSuite.DLL" adapterTypeName="Microsoft.VisualStudio.TestTools.TestTypes.Unit.UnitTestAdapter, Microsoft.VisualStudio.QualityTools.Tips.UnitTest.Adapter, Version=10.0.0.0, Culture=neutral, PublicKeyToken=b03f5f7f11d50a3a" className="CSVTestSuite.DataTableReaderTest, CSVTestSuite, Version=1.0.0.0, Culture=neutral, PublicKeyToken=null" name="TestMethod1" />
    </UnitTest>
    <UnitTest name="ParseTSV" storage="c:\svn\csvfile\csvfile\csvtestsuite\bin\debug\csvtestsuite.dll" id="9b9e845b-4cd0-5430-9d15-3af5b7ca59cf">
      <Execution id="77787b3f-9337-42e3-863e-46eee48976a0" />
      <TestMethod codeBase="C:/svn/CSVFile/CSVFile/CSVTestSuite/bin/Debug/CSVTestSuite.DLL" adapterTypeName="Microsoft.VisualStudio.TestTools.TestTypes.Unit.UnitTestAdapter, Microsoft.VisualStudio.QualityTools.Tips.UnitTest.Adapter, Version=10.0.0.0, Culture=neutral, PublicKeyToken=b03f5f7f11d50a3a" className="CSVTestSuite.BasicParseTests, CSVTestSuite, Version=1.0.0.0, Culture=neutral, PublicKeyToken=null" name="ParseTSV" />
    </UnitTest>
    <UnitTest name="TestMethod1" storage="c:\svn\csvfile\csvfile\csvtestsuite\bin\debug\csvtestsuite.dll" id="a7e98abc-207b-99ba-5e53-b3304ba4e478">
      <Execution id="5b936a40-912b-431c-8a56-48646a27d645" />
      <TestMethod codeBase="C:/svn/CSVFile/CSVFile/CSVTestSuite/bin/Debug/CSVTestSuite.DLL" adapterTypeName="Microsoft.VisualStudio.TestTools.TestTypes.Unit.UnitTestAdapter, Microsoft.VisualStudio.QualityTools.Tips.UnitTest.Adapter, Version=10.0.0.0, Culture=neutral, PublicKeyToken=b03f5f7f11d50a3a" className="CSVTestSuite.StreamReaderTest, CSVTestSuite, Version=1.0.0.0, Culture=neutral, PublicKeyToken=null" name="TestMethod1" />
    </UnitTest>
    <UnitTest name="TestWritingLines" storage="c:\svn\csvfile\csvfile\csvtestsuite\bin\debug\csvtestsuite.dll" id="5acecdfe-08b9-da60-f7eb-fc08c674f479">
      <Execution id="87a46f3d-8350-43b3-ad4b-cc615393c06c" />
      <TestMethod codeBase="C:/svn/CSVFile/CSVFile/CSVTestSuite/bin/Debug/CSVTestSuite.DLL" adapterTypeName="Microsoft.VisualStudio.TestTools.TestTypes.Unit.UnitTestAdapter, Microsoft.VisualStudio.QualityTools.Tips.UnitTest.Adapter, Version=10.0.0.0, Culture=neutral, PublicKeyToken=b03f5f7f11d50a3a" className="CSVTestSuite.WriterTest, CSVTestSuite, Version=1.0.0.0, Culture=neutral, PublicKeyToken=null" name="TestWritingLines" />
    </UnitTest>
    <UnitTest name="ParseTextQualifiedCSV" storage="c:\svn\csvfile\csvfile\csvtestsuite\bin\debug\csvtestsuite.dll" id="d908f60d-72bd-6d21-8d8f-1487796b5c1e">
      <Execution id="0b4b4ae3-40d5-46be-82e9-e92ca9df3113" />
      <TestMethod codeBase="C:/svn/CSVFile/CSVFile/CSVTestSuite/bin/Debug/CSVTestSuite.DLL" adapterTypeName="Microsoft.VisualStudio.TestTools.TestTypes.Unit.UnitTestAdapter, Microsoft.VisualStudio.QualityTools.Tips.UnitTest.Adapter, Version=10.0.0.0, Culture=neutral, PublicKeyToken=b03f5f7f11d50a3a" className="CSVTestSuite.BasicParseTests, CSVTestSuite, Version=1.0.0.0, Culture=neutral, PublicKeyToken=null" name="ParseTextQualifiedCSV" />
    </UnitTest>
    <UnitTest name="TestFailingCSVLine" storage="c:\svn\csvfile\csvfile\csvtestsuite\bin\debug\csvtestsuite.dll" id="895d8cd3-f1a1-20b6-2512-9eb78f385bca">
      <Execution id="91174828-b276-40bb-b167-dfdaf3eddbcd" />
      <TestMethod codeBase="C:/svn/CSVFile/CSVFile/CSVTestSuite/bin/Debug/CSVTestSuite.DLL" adapterTypeName="Microsoft.VisualStudio.TestTools.TestTypes.Unit.UnitTestAdapter, Microsoft.VisualStudio.QualityTools.Tips.UnitTest.Adapter, Version=10.0.0.0, Culture=neutral, PublicKeyToken=b03f5f7f11d50a3a" className="CSVTestSuite.BasicParseTests, CSVTestSuite, Version=1.0.0.0, Culture=neutral, PublicKeyToken=null" name="TestFailingCSVLine" />
    </UnitTest>
    <UnitTest name="ParseTextQualifiedCSVWithSpacing" storage="c:\svn\csvfile\csvfile\csvtestsuite\bin\debug\csvtestsuite.dll" id="6e862f7d-1f5c-7d0a-5ea4-bb11f5c8c79f">
      <Execution id="d23abeb1-c0e8-401e-a39f-9a7ddc0ee8f3" />
      <TestMethod codeBase="C:/svn/CSVFile/CSVFile/CSVTestSuite/bin/Debug/CSVTestSuite.DLL" adapterTypeName="Microsoft.VisualStudio.TestTools.TestTypes.Unit.UnitTestAdapter, Microsoft.VisualStudio.QualityTools.Tips.UnitTest.Adapter, Version=10.0.0.0, Culture=neutral, PublicKeyToken=b03f5f7f11d50a3a" className="CSVTestSuite.BasicParseTests, CSVTestSuite, Version=1.0.0.0, Culture=neutral, PublicKeyToken=null" name="ParseTextQualifiedCSVWithSpacing" />
    </UnitTest>
    <UnitTest name="ParseBasicCSV" storage="c:\svn\csvfile\csvfile\csvtestsuite\bin\debug\csvtestsuite.dll" id="8baacc99-8db4-caee-f32a-90006b83b06c">
      <Execution id="4a9b1cee-3ab6-4414-8011-63d2686e1148" />
      <TestMethod codeBase="C:/svn/CSVFile/CSVFile/CSVTestSuite/bin/Debug/CSVTestSuite.DLL" adapterTypeName="Microsoft.VisualStudio.TestTools.TestTypes.Unit.UnitTestAdapter, Microsoft.VisualStudio.QualityTools.Tips.UnitTest.Adapter, Version=10.0.0.0, Culture=neutral, PublicKeyToken=b03f5f7f11d50a3a" className="CSVTestSuite.BasicParseTests, CSVTestSuite, Version=1.0.0.0, Culture=neutral, PublicKeyToken=null" name="ParseBasicCSV" />
    </UnitTest>
  </TestDefinitions>
  <TestLists>
    <TestList name="Results Not in a List" id="8c84fa94-04c1-424b-9868-57a2d4851a1d" />
    <TestList name="All Loaded Results" id="19431567-8539-422a-85d7-44ee4e166bda" />
  </TestLists>
  <TestEntries>
    <TestEntry testId="0b28e22e-194e-250b-cf96-7d71df2fa0fd" executionId="a6fc11b7-56fb-462a-9daa-fdf9d125fada" testListId="8c84fa94-04c1-424b-9868-57a2d4851a1d" />
    <TestEntry testId="5acecdfe-08b9-da60-f7eb-fc08c674f479" executionId="87a46f3d-8350-43b3-ad4b-cc615393c06c" testListId="8c84fa94-04c1-424b-9868-57a2d4851a1d" />
    <TestEntry testId="6e862f7d-1f5c-7d0a-5ea4-bb11f5c8c79f" executionId="d23abeb1-c0e8-401e-a39f-9a7ddc0ee8f3" testListId="8c84fa94-04c1-424b-9868-57a2d4851a1d" />
    <TestEntry testId="895d8cd3-f1a1-20b6-2512-9eb78f385bca" executionId="91174828-b276-40bb-b167-dfdaf3eddbcd" testListId="8c84fa94-04c1-424b-9868-57a2d4851a1d" />
    <TestEntry testId="8baacc99-8db4-caee-f32a-90006b83b06c" executionId="4a9b1cee-3ab6-4414-8011-63d2686e1148" testListId="8c84fa94-04c1-424b-9868-57a2d4851a1d" />
    <TestEntry testId="9b9e845b-4cd0-5430-9d15-3af5b7ca59cf" executionId="77787b3f-9337-42e3-863e-46eee48976a0" testListId="8c84fa94-04c1-424b-9868-57a2d4851a1d" />
    <TestEntry testId="a7e98abc-207b-99ba-5e53-b3304ba4e478" executionId="5b936a40-912b-431c-8a56-48646a27d645" testListId="8c84fa94-04c1-424b-9868-57a2d4851a1d" />
    <TestEntry testId="d908f60d-72bd-6d21-8d8f-1487796b5c1e" executionId="0b4b4ae3-40d5-46be-82e9-e92ca9df3113" testListId="8c84fa94-04c1-424b-9868-57a2d4851a1d" />
  </TestEntries>
  <Results>
    <UnitTestResult executionId="a6fc11b7-56fb-462a-9daa-fdf9d125fada" testId="0b28e22e-194e-250b-cf96-7d71df2fa0fd" testName="TestMethod1" computerName="AV-E6420-0885" duration="00:00:00.0093196" startTime="2012-07-26T21:33:51.2257048-07:00" endTime="2012-07-26T21:33:51.3696772-07:00" testType="13cdc9d9-ddb5-4fa4-a97d-d965ccfc6d4b" outcome="Passed" testListId="8c84fa94-04c1-424b-9868-57a2d4851a1d" relativeResultsDirectory="a6fc11b7-56fb-462a-9daa-fdf9d125fada">
    </UnitTestResult>
    <UnitTestResult executionId="87a46f3d-8350-43b3-ad4b-cc615393c06c" testId="5acecdfe-08b9-da60-f7eb-fc08c674f479" testName="TestWritingLines" computerName="AV-E6420-0885" duration="00:00:00.0001419" startTime="2012-07-26T21:33:51.3706840-07:00" endTime="2012-07-26T21:33:51.3726976-07:00" testType="13cdc9d9-ddb5-4fa4-a97d-d965ccfc6d4b" outcome="Passed" testListId="8c84fa94-04c1-424b-9868-57a2d4851a1d" relativeResultsDirectory="87a46f3d-8350-43b3-ad4b-cc615393c06c">
    </UnitTestResult>
    <UnitTestResult executionId="d23abeb1-c0e8-401e-a39f-9a7ddc0ee8f3" testId="6e862f7d-1f5c-7d0a-5ea4-bb11f5c8c79f" testName="ParseTextQualifiedCSVWithSpacing" computerName="AV-E6420-0885" duration="00:00:00.0027325" startTime="2012-07-26T21:33:51.3737044-07:00" endTime="2012-07-26T21:33:51.3777316-07:00" testType="13cdc9d9-ddb5-4fa4-a97d-d965ccfc6d4b" outcome="Passed" testListId="8c84fa94-04c1-424b-9868-57a2d4851a1d" relativeResultsDirectory="d23abeb1-c0e8-401e-a39f-9a7ddc0ee8f3">
    </UnitTestResult>
    <UnitTestResult executionId="91174828-b276-40bb-b167-dfdaf3eddbcd" testId="895d8cd3-f1a1-20b6-2512-9eb78f385bca" testName="TestFailingCSVLine" computerName="AV-E6420-0885" duration="00:00:00.0002433" startTime="2012-07-26T21:33:51.3787384-07:00" endTime="2012-07-26T21:33:51.3807520-07:00" testType="13cdc9d9-ddb5-4fa4-a97d-d965ccfc6d4b" outcome="Passed" testListId="8c84fa94-04c1-424b-9868-57a2d4851a1d" relativeResultsDirectory="91174828-b276-40bb-b167-dfdaf3eddbcd">
    </UnitTestResult>
    <UnitTestResult executionId="4a9b1cee-3ab6-4414-8011-63d2686e1148" testId="8baacc99-8db4-caee-f32a-90006b83b06c" testName="ParseBasicCSV" computerName="AV-E6420-0885" duration="00:00:00.0003660" startTime="2012-07-26T21:33:51.3817588-07:00" endTime="2012-07-26T21:33:51.3847792-07:00" testType="13cdc9d9-ddb5-4fa4-a97d-d965ccfc6d4b" outcome="Passed" testListId="8c84fa94-04c1-424b-9868-57a2d4851a1d" relativeResultsDirectory="4a9b1cee-3ab6-4414-8011-63d2686e1148">
    </UnitTestResult>
    <UnitTestResult executionId="77787b3f-9337-42e3-863e-46eee48976a0" testId="9b9e845b-4cd0-5430-9d15-3af5b7ca59cf" testName="ParseTSV" computerName="AV-E6420-0885" duration="00:00:00.0002381" startTime="2012-07-26T21:33:51.3847792-07:00" endTime="2012-07-26T21:33:51.3867928-07:00" testType="13cdc9d9-ddb5-4fa4-a97d-d965ccfc6d4b" outcome="Passed" testListId="8c84fa94-04c1-424b-9868-57a2d4851a1d" relativeResultsDirectory="77787b3f-9337-42e3-863e-46eee48976a0">
    </UnitTestResult>
    <UnitTestResult executionId="5b936a40-912b-431c-8a56-48646a27d645" testId="a7e98abc-207b-99ba-5e53-b3304ba4e478" testName="TestMethod1" computerName="AV-E6420-0885" duration="00:00:00.0001877" startTime="2012-07-26T21:33:51.3877996-07:00" endTime="2012-07-26T21:33:51.3898132-07:00" testType="13cdc9d9-ddb5-4fa4-a97d-d965ccfc6d4b" outcome="Passed" testListId="8c84fa94-04c1-424b-9868-57a2d4851a1d" relativeResultsDirectory="5b936a40-912b-431c-8a56-48646a27d645">
    </UnitTestResult>
    <UnitTestResult executionId="0b4b4ae3-40d5-46be-82e9-e92ca9df3113" testId="d908f60d-72bd-6d21-8d8f-1487796b5c1e" testName="ParseTextQualifiedCSV" computerName="AV-E6420-0885" duration="00:00:00.0006260" startTime="2012-07-26T21:33:51.3898132-07:00" endTime="2012-07-26T21:33:51.3928336-07:00" testType="13cdc9d9-ddb5-4fa4-a97d-d965ccfc6d4b" outcome="Passed" testListId="8c84fa94-04c1-424b-9868-57a2d4851a1d" relativeResultsDirectory="0b4b4ae3-40d5-46be-82e9-e92ca9df3113">
    </UnitTestResult>
  </Results>
</TestRun>