<?xml version="1.0" encoding="UTF-8"?>
<TestRun id="50110ac7-1649-46b3-bbd2-659ca7089b88" name="ted.spence@AV-E6420-0885 2012-07-26 21:51:49" runUser="SANJUAN\ted.spence" xmlns="http://microsoft.com/schemas/VisualStudio/TeamTest/2010">
  <TestSettings name="Local" id="26f8abad-c228-4580-b422-42932cdd298a">
    <Description>These are default test settings for a local test run.</Description>
    <Deployment enabled="false" runDeploymentRoot="ted.spence_AV-E6420-0885 2012-07-26 21_51_49">
      <DeploymentItem filename="C:\svn\CSVFile\CSVFile\CSVFile\bin\Debug\CSVFile.dll" />
    </Deployment>
    <Execution>
      <TestTypeSpecific />
      <AgentRule name="Execution Agents">
      </AgentRule>
    </Execution>
  </TestSettings>
  <Times creation="2012-07-26T21:51:49.1617956-07:00" queuing="2012-07-26T21:51:50.4353976-07:00" start="2012-07-26T21:51:50.5320504-07:00" finish="2012-07-26T21:52:46.1510419-07:00" />
  <ResultSummary outcome="Error">
    <Counters total="1" executed="1" error="0" failed="0" timeout="0" aborted="1" inconclusive="0" passedButRunAborted="0" notRunnable="0" notExecuted="0" disconnected="0" warning="0" passed="0" completed="0" inProgress="0" pending="0" />
    <RunInfos>
      <RunInfo computerName="AV-E6420-0885" outcome="Error" timestamp="2012-07-26T21:52:46.1500378-07:00">
        <Text>Test host process exited unexpectedly.</Text>
      </RunInfo>
    </RunInfos>
  </ResultSummary>
  <TestDefinitions>
    <UnitTest name="TestDataTableWithEmbeddedNewlines" storage="c:\svn\csvfile\csvfile\csvtestsuite\bin\debug\csvtestsuite.dll" id="6573e49f-809f-4014-05c8-6fd7e7b7c6dd">
      <Execution id="f3065bbc-bb93-4e7a-a54e-53a19d73d4aa" />
      <TestMethod codeBase="C:/svn/CSVFile/CSVFile/CSVTestSuite/bin/Debug/CSVTestSuite.DLL" adapterTypeName="Microsoft.VisualStudio.TestTools.TestTypes.Unit.UnitTestAdapter, Microsoft.VisualStudio.QualityTools.Tips.UnitTest.Adapter, Version=10.0.0.0, Culture=neutral, PublicKeyToken=b03f5f7f11d50a3a" className="CSVTestSuite.DataTableReaderTest, CSVTestSuite, Version=1.0.0.0, Culture=neutral, PublicKeyToken=null" name="TestDataTableWithEmbeddedNewlines" />
    </UnitTest>
  </TestDefinitions>
  <TestLists>
    <TestList name="Results Not in a List" id="8c84fa94-04c1-424b-9868-57a2d4851a1d" />
    <TestList name="All Loaded Results" id="19431567-8539-422a-85d7-44ee4e166bda" />
  </TestLists>
  <TestEntries>
    <TestEntry testId="6573e49f-809f-4014-05c8-6fd7e7b7c6dd" executionId="f3065bbc-bb93-4e7a-a54e-53a19d73d4aa" testListId="8c84fa94-04c1-424b-9868-57a2d4851a1d" />
  </TestEntries>
  <Results>
    <UnitTestResult executionId="f3065bbc-bb93-4e7a-a54e-53a19d73d4aa" testId="6573e49f-809f-4014-05c8-6fd7e7b7c6dd" testName="TestDataTableWithEmbeddedNewlines" computerName="AV-E6420-0885" duration="00:00:55.5283822" startTime="2012-07-26T21:51:50.6216556-07:00" endTime="2012-07-26T21:52:46.1500378-07:00" testType="13cdc9d9-ddb5-4fa4-a97d-d965ccfc6d4b" outcome="Aborted" testListId="8c84fa94-04c1-424b-9868-57a2d4851a1d" relativeResultsDirectory="f3065bbc-bb93-4e7a-a54e-53a19d73d4aa">
    </UnitTestResult>
  </Results>
</TestRun>